<?xml version="1.0" encoding="UTF-8"?>
<!-- Generated by org.testng.reporters.JUnitXMLReporter -->
<testsuite ignored="0" hostname="FCU-NBK819" failures="0" tests="6" name="Test" time="35.641" errors="0" timestamp="2022-11-14T08:38:27 MEZ">
  <testcase classname="SeleniumTest.Test2" name="testRadioButton" time="0.051"/>
  <testcase classname="SeleniumTest.ScrolllenJava" name="scrollTest" time="5.473"/>
  <testcase classname="SeleniumTest.Test3" name="selectTest" time="0.044"/>
  <testcase classname="SeleniumTest.Test4Dropdown" name="dropdown" time="0.049"/>
  <testcase classname="SeleniumTest.Test5Options" name="options" time="0.573"/>
  <testcase classname="SeleniumTest.Test5Options" name="sprachTuerkisch" time="0.271"/>
</testsuite> <!-- Test -->
