<?xml version="1.0" encoding="UTF-8"?>
<testng-results skipped="0" failed="0" ignored="0" total="1" passed="1">
  <reporter-output>
  </reporter-output>
  <suite name="Suite" duration-ms="10836" started-at="2022-11-28T14:06:10 MEZ" finished-at="2022-11-28T14:06:21 MEZ">
    <groups>
    </groups>
    <test name="Test" duration-ms="10836" started-at="2022-11-28T14:06:10 MEZ" finished-at="2022-11-28T14:06:21 MEZ">
      <class name="SeleniumTest.Test2">
        <test-method status="PASS" signature="setUp()[pri:0, instance:SeleniumTest.Test2@5ed828d]" name="setUp" is-config="true" duration-ms="7093" started-at="2022-11-28T14:06:10 MEZ" finished-at="2022-11-28T14:06:17 MEZ">
          <reporter-output>
          </reporter-output>
        </test-method> <!-- setUp -->
        <test-method status="PASS" signature="testRadioButton()[pri:0, instance:SeleniumTest.Test2@5ed828d]" name="testRadioButton" duration-ms="62" started-at="2022-11-28T14:06:17 MEZ" finished-at="2022-11-28T14:06:17 MEZ">
          <reporter-output>
          </reporter-output>
        </test-method> <!-- testRadioButton -->
        <test-method status="PASS" signature="tearDown()[pri:0, instance:SeleniumTest.Test2@5ed828d]" name="tearDown" is-config="true" duration-ms="3654" started-at="2022-11-28T14:06:17 MEZ" finished-at="2022-11-28T14:06:21 MEZ">
          <reporter-output>
          </reporter-output>
        </test-method> <!-- tearDown -->
      </class> <!-- SeleniumTest.Test2 -->
    </test> <!-- Test -->
  </suite> <!-- Suite -->
</testng-results>
