<?xml version="1.0" encoding="UTF-8"?>
<testng-results ignored="0" total="6" passed="6" failed="0" skipped="0">
  <reporter-output>
  </reporter-output>
  <suite started-at="2022-11-14T08:37:51 MEZ" name="Suite" finished-at="2022-11-14T08:38:27 MEZ" duration-ms="35641">
    <groups>
    </groups>
    <test started-at="2022-11-14T08:37:51 MEZ" name="Test" finished-at="2022-11-14T08:38:27 MEZ" duration-ms="35641">
      <class name="SeleniumTest.Test3">
        <test-method is-config="true" signature="beforeText()[pri:0, instance:SeleniumTest.Test3@6253c26]" started-at="2022-11-14T08:38:17 MEZ" name="beforeText" finished-at="2022-11-14T08:38:22 MEZ" duration-ms="5453" status="PASS">
          <reporter-output>
          </reporter-output>
        </test-method> <!-- beforeText -->
        <test-method signature="selectTest()[pri:0, instance:SeleniumTest.Test3@6253c26]" started-at="2022-11-14T08:38:22 MEZ" name="selectTest" finished-at="2022-11-14T08:38:23 MEZ" duration-ms="44" status="PASS">
          <reporter-output>
          </reporter-output>
        </test-method> <!-- selectTest -->
        <test-method is-config="true" signature="teaDown()[pri:0, instance:SeleniumTest.Test3@6253c26]" started-at="2022-11-14T08:38:23 MEZ" name="teaDown" finished-at="2022-11-14T08:38:25 MEZ" duration-ms="2324" status="PASS">
          <reporter-output>
          </reporter-output>
        </test-method> <!-- teaDown -->
      </class> <!-- SeleniumTest.Test3 -->
      <class name="SeleniumTest.Test2">
        <test-method is-config="true" signature="setUp()[pri:0, instance:SeleniumTest.Test2@67f639d3]" started-at="2022-11-14T08:37:51 MEZ" name="setUp" finished-at="2022-11-14T08:37:58 MEZ" duration-ms="6378" status="PASS">
          <reporter-output>
          </reporter-output>
        </test-method> <!-- setUp -->
        <test-method signature="testRadioButton()[pri:0, instance:SeleniumTest.Test2@67f639d3]" started-at="2022-11-14T08:37:58 MEZ" name="testRadioButton" finished-at="2022-11-14T08:37:58 MEZ" duration-ms="51" status="PASS">
          <reporter-output>
          </reporter-output>
        </test-method> <!-- testRadioButton -->
        <test-method is-config="true" signature="tearDown()[pri:0, instance:SeleniumTest.Test2@67f639d3]" started-at="2022-11-14T08:37:58 MEZ" name="tearDown" finished-at="2022-11-14T08:38:17 MEZ" duration-ms="19289" status="PASS">
          <reporter-output>
          </reporter-output>
        </test-method> <!-- tearDown -->
      </class> <!-- SeleniumTest.Test2 -->
      <class name="SeleniumTest.ScrolllenJava">
        <test-method is-config="true" signature="setUp()[pri:0, instance:SeleniumTest.ScrolllenJava@21282ed8]" started-at="2022-11-14T08:37:51 MEZ" name="setUp" finished-at="2022-11-14T08:37:54 MEZ" duration-ms="3102" status="PASS">
          <reporter-output>
          </reporter-output>
        </test-method> <!-- setUp -->
        <test-method signature="scrollTest()[pri:0, instance:SeleniumTest.ScrolllenJava@21282ed8]" started-at="2022-11-14T08:37:54 MEZ" name="scrollTest" finished-at="2022-11-14T08:38:00 MEZ" duration-ms="5473" status="PASS">
          <reporter-output>
          </reporter-output>
        </test-method> <!-- scrollTest -->
        <test-method is-config="true" signature="tearDown()[pri:0, instance:SeleniumTest.ScrolllenJava@21282ed8]" started-at="2022-11-14T08:38:00 MEZ" name="tearDown" finished-at="2022-11-14T08:38:17 MEZ" duration-ms="17270" status="PASS">
          <reporter-output>
          </reporter-output>
        </test-method> <!-- tearDown -->
      </class> <!-- SeleniumTest.ScrolllenJava -->
      <class name="SeleniumTest.Test5Options">
        <test-method is-config="true" signature="setUp()[pri:0, instance:SeleniumTest.Test5Options@71a8adcf]" started-at="2022-11-14T08:38:25 MEZ" name="setUp" finished-at="2022-11-14T08:38:26 MEZ" duration-ms="1107" status="PASS">
          <reporter-output>
          </reporter-output>
        </test-method> <!-- setUp -->
        <test-method signature="options()[pri:0, instance:SeleniumTest.Test5Options@71a8adcf]" started-at="2022-11-14T08:38:26 MEZ" name="options" finished-at="2022-11-14T08:38:27 MEZ" duration-ms="573" status="PASS">
          <reporter-output>
          </reporter-output>
        </test-method> <!-- options -->
        <test-method signature="sprachTuerkisch()[pri:0, instance:SeleniumTest.Test5Options@71a8adcf]" started-at="2022-11-14T08:38:27 MEZ" name="sprachTuerkisch" finished-at="2022-11-14T08:38:27 MEZ" duration-ms="271" status="PASS">
          <reporter-output>
          </reporter-output>
        </test-method> <!-- sprachTuerkisch -->
        <test-method is-config="true" signature="tearDown()[pri:0, instance:SeleniumTest.Test5Options@71a8adcf]" started-at="2022-11-14T08:38:27 MEZ" name="tearDown" finished-at="2022-11-14T08:38:27 MEZ" duration-ms="134" status="PASS">
          <reporter-output>
          </reporter-output>
        </test-method> <!-- tearDown -->
      </class> <!-- SeleniumTest.Test5Options -->
      <class name="SeleniumTest.Test4Dropdown">
        <test-method is-config="true" signature="setUp()[pri:0, instance:SeleniumTest.Test4Dropdown@49049a04]" started-at="2022-11-14T08:38:17 MEZ" name="setUp" finished-at="2022-11-14T08:38:23 MEZ" duration-ms="6329" status="PASS">
          <reporter-output>
          </reporter-output>
        </test-method> <!-- setUp -->
        <test-method signature="dropdown()[pri:0, instance:SeleniumTest.Test4Dropdown@49049a04]" started-at="2022-11-14T08:38:23 MEZ" name="dropdown" finished-at="2022-11-14T08:38:24 MEZ" duration-ms="49" status="PASS">
          <reporter-output>
          </reporter-output>
        </test-method> <!-- dropdown -->
        <test-method is-config="true" signature="tearDown()[pri:0, instance:SeleniumTest.Test4Dropdown@49049a04]" started-at="2022-11-14T08:38:24 MEZ" name="tearDown" finished-at="2022-11-14T08:38:25 MEZ" duration-ms="1312" status="PASS">
          <reporter-output>
          </reporter-output>
        </test-method> <!-- tearDown -->
      </class> <!-- SeleniumTest.Test4Dropdown -->
    </test> <!-- Test -->
  </suite> <!-- Suite -->
</testng-results>
